<?xml version="1.0" encoding="UTF-8"?>
<testsuite name="AntiFraudTest" tests="1" skipped="0" failures="0" errors="0" timestamp="2023-06-01T14:55:24" hostname="IKOKSHP" time="21.516">
  <properties/>
  <testcase name="start" classname="AntiFraudTest" time="21.516"/>
  <system-out><![CDATA[?[1;31m
Start test 1?[0m
?[0;34m
?[0m?[0;34m  .   ____          _            __ _ _
?[0m?[0;34m /\\ / ___'_ __ _ _(_)_ __  __ _ \ \ \ \
?[0m?[0;34m( ( )\___ | '_ | '_| | '_ \/ _` | \ \ \ \
?[0m?[0;34m \\/  ___)| |_)| | | | | || (_| |  ) ) ) )
?[0m?[0;34m  '  |____| .__|_| |_|_| |_\__, | / / / /
?[0m?[0;34m =========|_|==============|___/=/_/_/_/
?[0m?[0;34m :: Spring Boot ::                (v2.7.0)
?[0m?[0;34m
?[0m?[0;34m2023-06-01 16:55:24.876  INFO 26172 --- [    Test worker] antifraud.AntiFraudApplication           : Starting AntiFraudApplication using Java 17.0.6 on iKoksHP with PID 26172 (started by ikoko in E:\OneDrive\Coding\Anti-Fraud System1\Anti-Fraud System\task)
?[0m?[0;34m2023-06-01 16:55:24.879  INFO 26172 --- [    Test worker] antifraud.AntiFraudApplication           : No active profile set, falling back to 1 default profile: "default"
?[0m?[0;34m2023-06-01 16:55:26.088  INFO 26172 --- [    Test worker] .s.d.r.c.RepositoryConfigurationDelegate : Bootstrapping Spring Data JPA repositories in DEFAULT mode.
?[0m?[0;34m2023-06-01 16:55:26.159  INFO 26172 --- [    Test worker] .s.d.r.c.RepositoryConfigurationDelegate : Finished Spring Data repository scanning in 57 ms. Found 1 JPA repository interfaces.
?[0m?[0;34m2023-06-01 16:55:26.972  INFO 26172 --- [    Test worker] o.s.b.w.embedded.tomcat.TomcatWebServer  : Tomcat initialized with port(s): 28852 (http)
?[0m?[0;34m2023-06-01 16:55:26.985  INFO 26172 --- [    Test worker] o.apache.catalina.core.StandardService   : Starting service [Tomcat]
?[0m?[0;34m2023-06-01 16:55:26.986  INFO 26172 --- [    Test worker] org.apache.catalina.core.StandardEngine  : Starting Servlet engine: [Apache Tomcat/9.0.63]
?[0m?[0;34m2023-06-01 16:55:27.116  INFO 26172 --- [    Test worker] o.a.c.c.C.[Tomcat].[localhost].[/]       : Initializing Spring embedded WebApplicationContext
?[0m?[0;34m2023-06-01 16:55:27.117  INFO 26172 --- [    Test worker] w.s.c.ServletWebServerApplicationContext : Root WebApplicationContext: initialization completed in 2195 ms
?[0m?[0;34m2023-06-01 16:55:27.302  INFO 26172 --- [    Test worker] com.zaxxer.hikari.HikariDataSource       : HikariPool-1 - Starting...
?[0m?[0;34m2023-06-01 16:55:27.603  INFO 26172 --- [    Test worker] com.zaxxer.hikari.HikariDataSource       : HikariPool-1 - Start completed.
?[0m?[0;34m2023-06-01 16:55:27.622  INFO 26172 --- [    Test worker] o.s.b.a.h2.H2ConsoleAutoConfiguration    : H2 console available at '/h2-console'. Database available at 'jdbc:h2:file:../service_db'
?[0m?[0;34m2023-06-01 16:55:27.817  INFO 26172 --- [    Test worker] o.hibernate.jpa.internal.util.LogHelper  : HHH000204: Processing PersistenceUnitInfo [name: default]
?[0m?[0;34m2023-06-01 16:55:27.888  INFO 26172 --- [    Test worker] org.hibernate.Version                    : HHH000412: Hibernate ORM core version 5.6.9.Final
?[0m?[0;34m2023-06-01 16:55:28.144  INFO 26172 --- [    Test worker] o.hibernate.annotations.common.Version   : HCANN000001: Hibernate Commons Annotations {5.1.2.Final}
?[0m?[0;34m2023-06-01 16:55:28.332  INFO 26172 --- [    Test worker] org.hibernate.dialect.Dialect            : HHH000400: Using dialect: org.hibernate.dialect.H2Dialect
?[0m?[0;34mHibernate: create table users (id bigint generated by default as identity, name varchar(255) not null, password varchar(255) not null, role varchar(255), username varchar(255) not null, primary key (id))
?[0m?[0;34m2023-06-01 16:55:29.145  INFO 26172 --- [    Test worker] o.h.e.t.j.p.i.JtaPlatformInitiator       : HHH000490: Using JtaPlatform implementation: [org.hibernate.engine.transaction.jta.platform.internal.NoJtaPlatform]
?[0m?[0;34m2023-06-01 16:55:29.155  INFO 26172 --- [    Test worker] j.LocalContainerEntityManagerFactoryBean : Initialized JPA EntityManagerFactory for persistence unit 'default'
?[0m?[0;34m2023-06-01 16:55:29.584  WARN 26172 --- [    Test worker] JpaBaseConfiguration$JpaWebConfiguration : spring.jpa.open-in-view is enabled by default. Therefore, database queries may be performed during view rendering. Explicitly configure spring.jpa.open-in-view to disable this warning
?[0m?[0;34m2023-06-01 16:55:29.825  INFO 26172 --- [    Test worker] o.s.s.web.DefaultSecurityFilterChain     : Will secure any request with [org.springframework.security.web.session.DisableEncodeUrlFilter@351fadfa, org.springframework.security.web.context.request.async.WebAsyncManagerIntegrationFilter@7e1953f7, org.springframework.security.web.context.SecurityContextPersistenceFilter@2e667e95, org.springframework.security.web.header.HeaderWriterFilter@3123ba75, org.springframework.security.web.authentication.logout.LogoutFilter@3872867d, org.springframework.security.web.authentication.www.BasicAuthenticationFilter@7097ead6, org.springframework.security.web.savedrequest.RequestCacheAwareFilter@66b62ebd, org.springframework.security.web.servletapi.SecurityContextHolderAwareRequestFilter@628f0936, org.springframework.security.web.authentication.AnonymousAuthenticationFilter@26f07261, org.springframework.security.web.session.SessionManagementFilter@24fb752f, org.springframework.security.web.access.ExceptionTranslationFilter@2dfab167, org.springframework.security.web.access.intercept.FilterSecurityInterceptor@3a89226e]
?[0m?[0;34m2023-06-01 16:55:30.523  INFO 26172 --- [    Test worker] o.s.b.a.e.web.EndpointLinksResolver      : Exposing 14 endpoint(s) beneath base path '/actuator'
?[0m?[0;34m2023-06-01 16:55:30.576  INFO 26172 --- [    Test worker] o.s.b.w.embedded.tomcat.TomcatWebServer  : Tomcat started on port(s): 28852 (http) with context path ''
?[0m?[0;34m2023-06-01 16:55:30.595  INFO 26172 --- [    Test worker] antifraud.AntiFraudApplication           : Started AntiFraudApplication in 6.139 seconds (JVM running for 6.978)
?[0m?[0;34mTest case
?[0m?[0;34mTesting api: '/api/auth/user'
?[0m?[0;34mrequest: '{
?[0m?[0;34m   "name": "John Doe 1",
?[0m?[0;34m   "password": "oa3VvqnLxW"
?[0m?[0;34m}'
?[0m?[0;34mExpectations: 'In case of wrong data in request, endpoint must respond with BAD REQUEST  status (400).'
?[0m?[0;34m-----
?[0;34m2023-06-01 16:55:30.966  INFO 26172 --- [io-28852-exec-1] o.a.c.c.C.[Tomcat].[localhost].[/]       : Initializing Spring DispatcherServlet 'dispatcherServlet'
?[0m?[0;34m2023-06-01 16:55:30.966  INFO 26172 --- [io-28852-exec-1] o.s.web.servlet.DispatcherServlet        : Initializing Servlet 'dispatcherServlet'
?[0m?[0;34m2023-06-01 16:55:30.968  INFO 26172 --- [io-28852-exec-1] o.s.web.servlet.DispatcherServlet        : Completed initialization in 2 ms
?[0m?[1;31m
Start test 2?[0m
?[0;34mTest case
?[0m?[0;34mTesting api: '/api/auth/user'
?[0m?[0;34mrequest: '{
?[0m?[0;34m   "name": "John Doe 2",
?[0m?[0;34m   "username": "johndoe1"
?[0m?[0;34m}'
?[0m?[0;34mExpectations: 'In case of wrong data in request, endpoint must respond with BAD REQUEST  status (400).'
?[0m?[0;34m-----
?[0m?[1;31m
Start test 3?[0m
?[0;34mTest case
?[0m?[0;34mTesting api: '/api/auth/user'
?[0m?[0;34mrequest: '{
?[0m?[0;34m   "name": "John Doe 1",
?[0m?[0;34m   "username": "johndoe1",
?[0m?[0;34m   "password": "oMoa3VvqnLxW"
?[0m?[0;34m}'
?[0m?[0;34mExpectations: 'If user successfully added, endpoint must respond with HTTP CREATED status (201) '
?[0m?[0;34m-----
?[0;34mHibernate: select userdb0_.id as id1_0_, userdb0_.name as name2_0_, userdb0_.password as password3_0_, userdb0_.role as role4_0_, userdb0_.username as username5_0_ from users userdb0_ where upper(userdb0_.username)=upper(?)
?[0m?[0;34mHibernate: insert into users (id, name, password, role, username) values (default, ?, ?, ?, ?)
?[0m?[1;31m
Start test 4?[0m
?[0;34mTest case
?[0m?[0;34mTesting api: '/api/auth/list'
?[0m?[0;34mExpectations: 'Endpoint must respond with HTTP OK status (200) and body with array of objects representing the users sorted by ID in ascending order.'
?[0m?[0;34m-----
?[0;34mHibernate: select userdb0_.id as id1_0_, userdb0_.name as name2_0_, userdb0_.password as password3_0_, userdb0_.role as role4_0_, userdb0_.username as username5_0_ from users userdb0_ where upper(userdb0_.username)=upper(?)
?[0m?[0;34mHibernate: select userdb0_.id as id1_0_, userdb0_.name as name2_0_, userdb0_.password as password3_0_, userdb0_.role as role4_0_, userdb0_.username as username5_0_ from users userdb0_ order by userdb0_.id asc
?[0m?[1;31m
Start test 5?[0m
?[0;34mTest case
?[0m?[0;34mTesting api: '/api/auth/list'
?[0m?[0;34mExpectations: 'A user with incorrect credentials is not allowed'
?[0m?[0;34m-----
?[0;34mHibernate: select userdb0_.id as id1_0_, userdb0_.name as name2_0_, userdb0_.password as password3_0_, userdb0_.role as role4_0_, userdb0_.username as username5_0_ from users userdb0_ where upper(userdb0_.username)=upper(?)
?[0m?[1;31m
Start test 6?[0m
?[0;34mTest case
?[0m?[0;34mTesting api: '/api/auth/list'
?[0m?[0;34mExpectations: 'A user with incorrect credentials is not allowed'
?[0m?[0;34m-----
?[0;34mHibernate: select userdb0_.id as id1_0_, userdb0_.name as name2_0_, userdb0_.password as password3_0_, userdb0_.role as role4_0_, userdb0_.username as username5_0_ from users userdb0_ where upper(userdb0_.username)=upper(?)
?[0m?[1;31m
Start test 7?[0m
?[0;34mTest case
?[0m?[0;34mTesting api: '/api/antifraud/transaction'
?[0m?[0;34mrequest: 'amount = 1'
?[0m?[0;34mExpectations: 'Result validating of Transaction must be 'ALLOWED''
?[0m?[0;34m-----
?[0;34mHibernate: select userdb0_.id as id1_0_, userdb0_.name as name2_0_, userdb0_.password as password3_0_, userdb0_.role as role4_0_, userdb0_.username as username5_0_ from users userdb0_ where upper(userdb0_.username)=upper(?)
?[0m?[1;31m
Start test 8?[0m
?[0;34m2023-06-01 16:55:32.482  INFO 26172 --- [       Thread-4] j.LocalContainerEntityManagerFactoryBean : Closing JPA EntityManagerFactory for persistence unit 'default'
?[0m?[0;34m2023-06-01 16:55:32.484  INFO 26172 --- [       Thread-4] com.zaxxer.hikari.HikariDataSource       : HikariPool-1 - Shutdown initiated...
?[0m?[0;34m2023-06-01 16:55:32.558  INFO 26172 --- [       Thread-4] com.zaxxer.hikari.HikariDataSource       : HikariPool-1 - Shutdown completed.
?[0;34m
?[0m?[0;34m  .   ____          _            __ _ _
?[0m?[0;34m /\\ / ___'_ __ _ _(_)_ __  __ _ \ \ \ \
?[0m?[0;34m( ( )\___ | '_ | '_| | '_ \/ _` | \ \ \ \
?[0m?[0;34m \\/  ___)| |_)| | | | | || (_| |  ) ) ) )
?[0m?[0;34m  '  |____| .__|_| |_|_| |_\__, | / / / /
?[0m?[0;34m =========|_|==============|___/=/_/_/_/
?[0m?[0;34m :: Spring Boot ::                (v2.7.0)
?[0m?[0;34m
?[0m?[0;34m2023-06-01 16:55:43.022  INFO 26172 --- [    Test worker] antifraud.AntiFraudApplication           : Starting AntiFraudApplication using Java 17.0.6 on iKoksHP with PID 26172 (started by ikoko in E:\OneDrive\Coding\Anti-Fraud System1\Anti-Fraud System\task)
?[0m?[0;34m2023-06-01 16:55:43.022  INFO 26172 --- [    Test worker] antifraud.AntiFraudApplication           : No active profile set, falling back to 1 default profile: "default"
?[0m?[0;34m2023-06-01 16:55:43.387  INFO 26172 --- [    Test worker] .s.d.r.c.RepositoryConfigurationDelegate : Bootstrapping Spring Data JPA repositories in DEFAULT mode.
?[0m?[0;34m2023-06-01 16:55:43.397  INFO 26172 --- [    Test worker] .s.d.r.c.RepositoryConfigurationDelegate : Finished Spring Data repository scanning in 9 ms. Found 1 JPA repository interfaces.
?[0m?[0;34m2023-06-01 16:55:43.515  INFO 26172 --- [    Test worker] o.s.b.w.embedded.tomcat.TomcatWebServer  : Tomcat initialized with port(s): 28852 (http)
?[0m?[0;34m2023-06-01 16:55:43.516  INFO 26172 --- [    Test worker] o.apache.catalina.core.StandardService   : Starting service [Tomcat]
?[0m?[0;34m2023-06-01 16:55:43.517  INFO 26172 --- [    Test worker] org.apache.catalina.core.StandardEngine  : Starting Servlet engine: [Apache Tomcat/9.0.63]
?[0m?[0;34m2023-06-01 16:55:43.548  INFO 26172 --- [    Test worker] o.a.c.c.C.[Tomcat].[localhost].[/]       : Initializing Spring embedded WebApplicationContext
?[0m?[0;34m2023-06-01 16:55:43.549  INFO 26172 --- [    Test worker] w.s.c.ServletWebServerApplicationContext : Root WebApplicationContext: initialization completed in 524 ms
?[0m?[0;34m2023-06-01 16:55:43.591  INFO 26172 --- [    Test worker] com.zaxxer.hikari.HikariDataSource       : HikariPool-2 - Starting...
?[0m?[0;34m2023-06-01 16:55:43.608  INFO 26172 --- [    Test worker] com.zaxxer.hikari.HikariDataSource       : HikariPool-2 - Start completed.
?[0m?[0;34m2023-06-01 16:55:43.608  INFO 26172 --- [    Test worker] o.s.b.a.h2.H2ConsoleAutoConfiguration    : H2 console available at '/h2-console'. Database available at 'jdbc:h2:file:../service_db'
?[0m?[0;34m2023-06-01 16:55:43.647  INFO 26172 --- [    Test worker] o.hibernate.jpa.internal.util.LogHelper  : HHH000204: Processing PersistenceUnitInfo [name: default]
?[0m?[0;34m2023-06-01 16:55:43.653  INFO 26172 --- [    Test worker] org.hibernate.dialect.Dialect            : HHH000400: Using dialect: org.hibernate.dialect.H2Dialect
?[0m?[0;34m2023-06-01 16:55:43.688  INFO 26172 --- [    Test worker] o.h.e.t.j.p.i.JtaPlatformInitiator       : HHH000490: Using JtaPlatform implementation: [org.hibernate.engine.transaction.jta.platform.internal.NoJtaPlatform]
?[0m?[0;34m2023-06-01 16:55:43.688  INFO 26172 --- [    Test worker] j.LocalContainerEntityManagerFactoryBean : Initialized JPA EntityManagerFactory for persistence unit 'default'
?[0m?[0;34m2023-06-01 16:55:43.750  WARN 26172 --- [    Test worker] JpaBaseConfiguration$JpaWebConfiguration : spring.jpa.open-in-view is enabled by default. Therefore, database queries may be performed during view rendering. Explicitly configure spring.jpa.open-in-view to disable this warning
?[0m?[0;34m2023-06-01 16:55:43.779  INFO 26172 --- [    Test worker] o.s.s.web.DefaultSecurityFilterChain     : Will secure any request with [org.springframework.security.web.session.DisableEncodeUrlFilter@33c91567, org.springframework.security.web.context.request.async.WebAsyncManagerIntegrationFilter@17baaf07, org.springframework.security.web.context.SecurityContextPersistenceFilter@ece7204, org.springframework.security.web.header.HeaderWriterFilter@38a6ca39, org.springframework.security.web.authentication.logout.LogoutFilter@46cb9794, org.springframework.security.web.authentication.www.BasicAuthenticationFilter@44252e9b, org.springframework.security.web.savedrequest.RequestCacheAwareFilter@22c4151b, org.springframework.security.web.servletapi.SecurityContextHolderAwareRequestFilter@2c3df478, org.springframework.security.web.authentication.AnonymousAuthenticationFilter@3d5009c0, org.springframework.security.web.session.SessionManagementFilter@797dd7ef, org.springframework.security.web.access.ExceptionTranslationFilter@1b26f006, org.springframework.security.web.access.intercept.FilterSecurityInterceptor@6f65b61d]
?[0m?[0;34m2023-06-01 16:55:43.989  INFO 26172 --- [    Test worker] o.s.b.a.e.web.EndpointLinksResolver      : Exposing 14 endpoint(s) beneath base path '/actuator'
?[0m?[0;34m2023-06-01 16:55:44.014  INFO 26172 --- [    Test worker] o.s.b.w.embedded.tomcat.TomcatWebServer  : Tomcat started on port(s): 28852 (http) with context path ''
?[0m?[0;34m2023-06-01 16:55:44.020  INFO 26172 --- [    Test worker] antifraud.AntiFraudApplication           : Started AntiFraudApplication in 1.018 seconds (JVM running for 20.403)
?[0m?[1;31m
Start test 9?[0m
?[0;34mTest case
?[0m?[0;34mTesting api: '/api/auth/list'
?[0m?[0;34mExpectations: 'After restart user must exist'
?[0m?[0;34m-----
?[0;34m2023-06-01 16:55:44.032  INFO 26172 --- [io-28852-exec-1] o.a.c.c.C.[Tomcat].[localhost].[/]       : Initializing Spring DispatcherServlet 'dispatcherServlet'
?[0m?[0;34m2023-06-01 16:55:44.033  INFO 26172 --- [io-28852-exec-1] o.s.web.servlet.DispatcherServlet        : Initializing Servlet 'dispatcherServlet'
?[0m?[0;34m2023-06-01 16:55:44.035  INFO 26172 --- [io-28852-exec-1] o.s.web.servlet.DispatcherServlet        : Completed initialization in 2 ms
?[0m?[0;34mHibernate: select userdb0_.id as id1_0_, userdb0_.name as name2_0_, userdb0_.password as password3_0_, userdb0_.role as role4_0_, userdb0_.username as username5_0_ from users userdb0_ where upper(userdb0_.username)=upper(?)
?[0m?[0;34mHibernate: select userdb0_.id as id1_0_, userdb0_.name as name2_0_, userdb0_.password as password3_0_, userdb0_.role as role4_0_, userdb0_.username as username5_0_ from users userdb0_ order by userdb0_.id asc
?[0m?[1;31m
Start test 10?[0m
?[0;34mTest case
?[0m?[0;34mTesting api: '/api/auth/user'
?[0m?[0;34mrequest: '{
?[0m?[0;34m   "name": "John Doe 1",
?[0m?[0;34m   "username": "johndoe1",
?[0m?[0;34m   "password": "oMoa3VvqnLxW"
?[0m?[0;34m}'
?[0m?[0;34mExpectations: 'In case of an attempt to register an existing user, endpoint must respond with HTTP CONFLICT status (409).'
?[0m?[0;34m-----
?[0;34mHibernate: select userdb0_.id as id1_0_, userdb0_.name as name2_0_, userdb0_.password as password3_0_, userdb0_.role as role4_0_, userdb0_.username as username5_0_ from users userdb0_ where upper(userdb0_.username)=upper(?)
?[0m?[1;31m
Start test 11?[0m
?[0;34mTest case
?[0m?[0;34mTesting api: '/api/auth/user'
?[0m?[0;34mrequest: '{
?[0m?[0;34m   "name": "John Doe 2",
?[0m?[0;34m   "username": "johndoe2",
?[0m?[0;34m   "password": "oMoa3VvqnLxW"
?[0m?[0;34m}'
?[0m?[0;34mExpectations: 'If user successfully added, endpoint must respond with HTTP CREATED status (201) '
?[0m?[0;34m-----
?[0;34mHibernate: select userdb0_.id as id1_0_, userdb0_.name as name2_0_, userdb0_.password as password3_0_, userdb0_.role as role4_0_, userdb0_.username as username5_0_ from users userdb0_ where upper(userdb0_.username)=upper(?)
?[0m?[0;34mHibernate: insert into users (id, name, password, role, username) values (default, ?, ?, ?, ?)
?[0m?[1;31m
Start test 12?[0m
?[0;34mTest case
?[0m?[0;34mTesting api: '/api/auth/list'
?[0m?[0;34mExpectations: 'Endpoint must respond with HTTP OK status (200) and body with array of objects representing the users sorted by ID in ascending order.'
?[0m?[0;34m-----
?[0;34mHibernate: select userdb0_.id as id1_0_, userdb0_.name as name2_0_, userdb0_.password as password3_0_, userdb0_.role as role4_0_, userdb0_.username as username5_0_ from users userdb0_ where upper(userdb0_.username)=upper(?)
?[0m?[0;34mHibernate: select userdb0_.id as id1_0_, userdb0_.name as name2_0_, userdb0_.password as password3_0_, userdb0_.role as role4_0_, userdb0_.username as username5_0_ from users userdb0_ order by userdb0_.id asc
?[0m?[1;31m
Start test 13?[0m
?[0;34mTest case
?[0m?[0;34mTesting api: '/api/antifraud/transaction'
?[0m?[0;34mrequest: 'amount = 199'
?[0m?[0;34mExpectations: 'Result validating of Transaction must be 'ALLOWED''
?[0m?[0;34m-----
?[0;34mHibernate: select userdb0_.id as id1_0_, userdb0_.name as name2_0_, userdb0_.password as password3_0_, userdb0_.role as role4_0_, userdb0_.username as username5_0_ from users userdb0_ where upper(userdb0_.username)=upper(?)
?[0m?[1;31m
Start test 14?[0m
?[0;34mTest case
?[0m?[0;34mTesting api: '/api/antifraud/transaction'
?[0m?[0;34mrequest: 'amount = 200'
?[0m?[0;34mExpectations: 'Result validating of Transaction must be 'ALLOWED''
?[0m?[0;34m-----
?[0;34mHibernate: select userdb0_.id as id1_0_, userdb0_.name as name2_0_, userdb0_.password as password3_0_, userdb0_.role as role4_0_, userdb0_.username as username5_0_ from users userdb0_ where upper(userdb0_.username)=upper(?)
?[0m?[1;31m
Start test 15?[0m
?[0;34mTest case
?[0m?[0;34mTesting api: '/api/antifraud/transaction'
?[0m?[0;34mrequest: 'amount = 201'
?[0m?[0;34mExpectations: 'Result validating of Transaction must be 'MANUAL_PROCESSING''
?[0m?[0;34m-----
?[0;34mHibernate: select userdb0_.id as id1_0_, userdb0_.name as name2_0_, userdb0_.password as password3_0_, userdb0_.role as role4_0_, userdb0_.username as username5_0_ from users userdb0_ where upper(userdb0_.username)=upper(?)
?[0m?[1;31m
Start test 16?[0m
?[0;34mTest case
?[0m?[0;34mTesting api: '/api/antifraud/transaction'
?[0m?[0;34mrequest: 'amount = 1499'
?[0m?[0;34mExpectations: 'Result validating of Transaction must be 'MANUAL_PROCESSING''
?[0m?[0;34m-----
?[0;34mHibernate: select userdb0_.id as id1_0_, userdb0_.name as name2_0_, userdb0_.password as password3_0_, userdb0_.role as role4_0_, userdb0_.username as username5_0_ from users userdb0_ where upper(userdb0_.username)=upper(?)
?[0m?[1;31m
Start test 17?[0m
?[0;34mTest case
?[0m?[0;34mTesting api: '/api/antifraud/transaction'
?[0m?[0;34mrequest: 'amount = 1500'
?[0m?[0;34mExpectations: 'Result validating of Transaction must be 'MANUAL_PROCESSING''
?[0m?[0;34m-----
?[0;34mHibernate: select userdb0_.id as id1_0_, userdb0_.name as name2_0_, userdb0_.password as password3_0_, userdb0_.role as role4_0_, userdb0_.username as username5_0_ from users userdb0_ where upper(userdb0_.username)=upper(?)
?[0m?[1;31m
Start test 18?[0m
?[0;34mTest case
?[0m?[0;34mTesting api: '/api/antifraud/transaction'
?[0m?[0;34mrequest: 'amount = 1501'
?[0m?[0;34mExpectations: 'Result validating of Transaction must be 'PROHIBITED''
?[0m?[0;34m-----
?[0;34mHibernate: select userdb0_.id as id1_0_, userdb0_.name as name2_0_, userdb0_.password as password3_0_, userdb0_.role as role4_0_, userdb0_.username as username5_0_ from users userdb0_ where upper(userdb0_.username)=upper(?)
?[0m?[1;31m
Start test 19?[0m
?[0;34mTest case
?[0m?[0;34mTesting api: '/api/antifraud/transaction'
?[0m?[0;34mrequest: 'amount = 2000'
?[0m?[0;34mExpectations: 'Result validating of Transaction must be 'PROHIBITED''
?[0m?[0;34m-----
?[0m?[0;34mHibernate: select userdb0_.id as id1_0_, userdb0_.name as name2_0_, userdb0_.password as password3_0_, userdb0_.role as role4_0_, userdb0_.username as username5_0_ from users userdb0_ where upper(userdb0_.username)=upper(?)
?[0m?[1;31m
Start test 20?[0m
?[0;34mTest case
?[0m?[0;34mTesting api: '/api/antifraud/transaction'
?[0m?[0;34mrequest: 'amount = -1'
?[0m?[0;34mExpectations: 'Response status must be 'Bad request''
?[0m?[0;34m-----
?[0m?[0;34mHibernate: select userdb0_.id as id1_0_, userdb0_.name as name2_0_, userdb0_.password as password3_0_, userdb0_.role as role4_0_, userdb0_.username as username5_0_ from users userdb0_ where upper(userdb0_.username)=upper(?)
?[0m?[1;31m
Start test 21?[0m
?[0;34mTest case
?[0m?[0;34mTesting api: '/api/antifraud/transaction'
?[0m?[0;34mrequest: 'amount = 0'
?[0m?[0;34mExpectations: 'Response status must be 'Bad request''
?[0m?[0;34m-----
?[0m?[0;34mHibernate: select userdb0_.id as id1_0_, userdb0_.name as name2_0_, userdb0_.password as password3_0_, userdb0_.role as role4_0_, userdb0_.username as username5_0_ from users userdb0_ where upper(userdb0_.username)=upper(?)
?[0m?[1;31m
Start test 22?[0m
?[0;34mTest case
?[0m?[0;34mTesting api: '/api/antifraud/transaction'
?[0m?[0;34mrequest: 'amount = null'
?[0m?[0;34mExpectations: 'Response status must be 'Bad request''
?[0m?[0;34m-----
?[0m?[0;34mHibernate: select userdb0_.id as id1_0_, userdb0_.name as name2_0_, userdb0_.password as password3_0_, userdb0_.role as role4_0_, userdb0_.username as username5_0_ from users userdb0_ where upper(userdb0_.username)=upper(?)
?[0m?[1;31m
Start test 23?[0m
?[0;34mTest case
?[0m?[0;34mTesting api: '/api/antifraud/transaction'
?[0m?[0;34mrequest: 'amount = ""'
?[0m?[0;34mExpectations: 'Response status must be 'Bad request''
?[0m?[0;34m-----
?[0m?[0;34mHibernate: select userdb0_.id as id1_0_, userdb0_.name as name2_0_, userdb0_.password as password3_0_, userdb0_.role as role4_0_, userdb0_.username as username5_0_ from users userdb0_ where upper(userdb0_.username)=upper(?)
?[0m?[1;31m
Start test 24?[0m
?[0;34mTest case
?[0m?[0;34mTesting api: '/api/antifraud/transaction'
?[0m?[0;34mrequest: 'amount = " "'
?[0m?[0;34mExpectations: 'Response status must be 'Bad request''
?[0m?[0;34m-----
?[0m?[0;34mHibernate: select userdb0_.id as id1_0_, userdb0_.name as name2_0_, userdb0_.password as password3_0_, userdb0_.role as role4_0_, userdb0_.username as username5_0_ from users userdb0_ where upper(userdb0_.username)=upper(?)
?[0m?[1;31m
Start test 25?[0m
?[0;34mTest case
?[0m?[0;34mTesting api: '/api/antifraud/transaction'
?[0m?[0;34mrequest: 'empty body'
?[0m?[0;34mExpectations: 'Response status must be 'Bad request''
?[0m?[0;34m-----
?[0m?[0;34mHibernate: select userdb0_.id as id1_0_, userdb0_.name as name2_0_, userdb0_.password as password3_0_, userdb0_.role as role4_0_, userdb0_.username as username5_0_ from users userdb0_ where upper(userdb0_.username)=upper(?)
?[0m?[1;31m
Start test 26?[0m
?[0;34mTest case
?[0m?[0;34mTesting api: '/api/auth/user'
?[0m?[0;34mrequest: '/api/auth/user/somebody'
?[0m?[0;34mExpectations: 'If a user is not found, respond with HTTP Not Found status (404).'
?[0m?[0;34m-----
?[0m?[0;34mHibernate: select userdb0_.id as id1_0_, userdb0_.name as name2_0_, userdb0_.password as password3_0_, userdb0_.role as role4_0_, userdb0_.username as username5_0_ from users userdb0_ where upper(userdb0_.username)=upper(?)
?[0m?[0;34mHibernate: select userdb0_.id as id1_0_, userdb0_.name as name2_0_, userdb0_.password as password3_0_, userdb0_.role as role4_0_, userdb0_.username as username5_0_ from users userdb0_ where upper(userdb0_.username)=upper(?)
?[0m?[1;31m
Start test 27?[0m
?[0;34mTest case
?[0m?[0;34mTesting api: '/api/antifraud/transaction'
?[0m?[0;34mrequest: 'amount = 2000'
?[0m?[0;34mExpectations: 'Usernames must be case insensitive.'
?[0m?[0;34m-----
?[0m?[0;34mHibernate: select userdb0_.id as id1_0_, userdb0_.name as name2_0_, userdb0_.password as password3_0_, userdb0_.role as role4_0_, userdb0_.username as username5_0_ from users userdb0_ where upper(userdb0_.username)=upper(?)
?[0m?[1;31m
Start test 28?[0m
?[0;34mTest case
?[0m?[0;34mTesting api: '/api/auth/user'
?[0m?[0;34mrequest: '/api/auth/user/johndoe1'
?[0m?[0;34mExpectations: 'The endpoint must delete the user and respond with HTTP OK status (200)'
?[0m?[0;34m-----
?[0m?[0;34mHibernate: select userdb0_.id as id1_0_, userdb0_.name as name2_0_, userdb0_.password as password3_0_, userdb0_.role as role4_0_, userdb0_.username as username5_0_ from users userdb0_ where upper(userdb0_.username)=upper(?)
?[0m?[0;34mHibernate: select userdb0_.id as id1_0_, userdb0_.name as name2_0_, userdb0_.password as password3_0_, userdb0_.role as role4_0_, userdb0_.username as username5_0_ from users userdb0_ where upper(userdb0_.username)=upper(?)
?[0m?[0;34mHibernate: delete from users where id=?
?[0m?[1;31m
Start test 29?[0m
?[0;34mTest case
?[0m?[0;34mTesting api: '/api/auth/list'
?[0m?[0;34mExpectations: 'User 'johndoe1' must be delete'
?[0m?[0;34m-----
?[0m?[0;34mHibernate: select userdb0_.id as id1_0_, userdb0_.name as name2_0_, userdb0_.password as password3_0_, userdb0_.role as role4_0_, userdb0_.username as username5_0_ from users userdb0_ where upper(userdb0_.username)=upper(?)
?[0m?[0;34mHibernate: select userdb0_.id as id1_0_, userdb0_.name as name2_0_, userdb0_.password as password3_0_, userdb0_.role as role4_0_, userdb0_.username as username5_0_ from users userdb0_ order by userdb0_.id asc
?[0m?[1;31m
Start test 30?[0m
?[0;34mTest case
?[0m?[0;34mTesting api: '/api/auth/list'
?[0m?[0;34mExpectations: 'Usernames must be case insensitive.'
?[0m?[0;34m-----
?[0m?[0;34mHibernate: select userdb0_.id as id1_0_, userdb0_.name as name2_0_, userdb0_.password as password3_0_, userdb0_.role as role4_0_, userdb0_.username as username5_0_ from users userdb0_ where upper(userdb0_.username)=upper(?)
?[0m?[0;34mHibernate: select userdb0_.id as id1_0_, userdb0_.name as name2_0_, userdb0_.password as password3_0_, userdb0_.role as role4_0_, userdb0_.username as username5_0_ from users userdb0_ order by userdb0_.id asc
?[0m]]></system-out>
  <system-err><![CDATA[]]></system-err>
</testsuite>
